<?xml version="1.0" encoding="UTF-8"?>
<!-- Generated by org.testng.reporters.JUnitReportReporter -->
<testsuite hostname="Charlie-Laptop" name="Testing.TestSearch" tests="1" failures="0" timestamp="27 Mar 2015 14:23:41 GMT" time="0.094" errors="0">
  <testcase name="testPaths" time="0.094" classname="Testing.TestSearch"/>
</testsuite> <!-- Testing.TestSearch -->
