<?xml version="1.0" encoding="UTF-8"?>
<!-- Generated by org.testng.reporters.JUnitReportReporter -->
<testsuite hostname="Vlad" name="rp.robotics.whereAmI.TestActionModel" tests="1" failures="0" timestamp="21 Mar 2015 17:43:47 GMT" time="10.065" errors="0">
  <testcase name="Test" time="10.065" classname="rp.robotics.whereAmI.TestActionModel"/>
</testsuite> <!-- rp.robotics.whereAmI.TestActionModel -->
