<?xml version="1.0" encoding="UTF-8"?>
<!-- Generated by org.testng.reporters.JUnitReportReporter -->
<testsuite hostname="Vlad" name="rp.robotics.mapping.GridMapTest" tests="3" failures="0" timestamp="3 Mar 2015 18:00:40 GMT" time="0.102" errors="0">
  <testcase name="rectangularMapTest" time="0.021" classname="rp.robotics.mapping.GridMapTest"/>
  <testcase name="rangeToObstacleTest" time="0.040" classname="rp.robotics.mapping.GridMapTest"/>
  <testcase name="testMapTest" time="0.041" classname="rp.robotics.mapping.GridMapTest"/>
</testsuite> <!-- rp.robotics.mapping.GridMapTest -->
