<?xml version="1.0" encoding="UTF-8"?>
<!-- Generated by org.testng.reporters.JUnitReportReporter -->
<testsuite hostname="Vlad" name="rp.robotics.mapping.GridMapTest" tests="3" failures="0" timestamp="21 Mar 2015 23:54:01 GMT" time="0.140" errors="0">
  <testcase name="rectangularMapTest" time="0.078" classname="rp.robotics.mapping.GridMapTest"/>
  <testcase name="rangeToObstacleTest" time="0.047" classname="rp.robotics.mapping.GridMapTest"/>
  <testcase name="testMapTest" time="0.015" classname="rp.robotics.mapping.GridMapTest"/>
</testsuite> <!-- rp.robotics.mapping.GridMapTest -->
