<?xml version="1.0" encoding="UTF-8"?>
<!-- Generated by org.testng.reporters.JUnitReportReporter -->
<testsuite hostname="Vlad" name="rp.robotics.mapping.GridMapTest" tests="3" failures="0" timestamp="8 Mar 2015 14:19:33 GMT" time="0.252" errors="0">
  <testcase name="rectangularMapTest" time="0.156" classname="rp.robotics.mapping.GridMapTest"/>
  <testcase name="rangeToObstacleTest" time="0.080" classname="rp.robotics.mapping.GridMapTest"/>
  <testcase name="testMapTest" time="0.016" classname="rp.robotics.mapping.GridMapTest"/>
</testsuite> <!-- rp.robotics.mapping.GridMapTest -->
