<?xml version="1.0" encoding="UTF-8"?>
<!-- Generated by org.testng.reporters.JUnitReportReporter -->
<testsuite hostname="Vlad" name="rp.robotics.whereAmI.TestActionModel" tests="1" failures="0" timestamp="21 Mar 2015 15:40:34 GMT" time="10.105" errors="0">
  <testcase name="Test" time="10.105" classname="rp.robotics.whereAmI.TestActionModel"/>
</testsuite> <!-- rp.robotics.whereAmI.TestActionModel -->
