<?xml version="1.0" encoding="UTF-8"?>
<!-- Generated by org.testng.reporters.JUnitReportReporter -->
<testsuite hostname="Vlad" name="rp.robotics.mapping.GridMapTest" tests="3" failures="0" timestamp="18 Mar 2015 15:37:24 GMT" time="0.237" errors="0">
  <testcase name="rectangularMapTest" time="0.120" classname="rp.robotics.mapping.GridMapTest"/>
  <testcase name="rangeToObstacleTest" time="0.079" classname="rp.robotics.mapping.GridMapTest"/>
  <testcase name="testMapTest" time="0.038" classname="rp.robotics.mapping.GridMapTest"/>
</testsuite> <!-- rp.robotics.mapping.GridMapTest -->
