<?xml version="1.0" encoding="UTF-8"?>
<!-- Generated by org.testng.reporters.JUnitReportReporter -->
<testsuite hostname="Charlie-Laptop" name="testing.TestActionModel" tests="1" failures="0" timestamp="27 Mar 2015 14:27:45 GMT" time="10.015" errors="0">
  <testcase name="Test" time="10.015" classname="testing.TestActionModel"/>
</testsuite> <!-- testing.TestActionModel -->
