<?xml version="1.0" encoding="UTF-8"?>
<!-- Generated by org.testng.reporters.JUnitReportReporter -->
<testsuite hostname="Charlie-Laptop" name="Testing.TestSearch" tests="1" failures="0" timestamp="15 Mar 2015 12:13:59 GMT" time="0.264" errors="0">
  <testcase name="testPaths" time="0.264" classname="Testing.TestSearch"/>
</testsuite> <!-- Testing.TestSearch -->
